<?xml version="1.0" encoding="UTF-8"?>
<!-- Generated by org.testng.reporters.JUnitXMLReporter -->
<testsuite hostname="gireesha" name="Test" tests="2" failures="2" timestamp="6 Apr 2017 05:36:25 GMT" time="58.051" errors="0">
  <testcase name="bookRoundTrip" time="22.573" classname="com.traveledge.testcases_air.Roundtrip">
    <failure type="java.lang.AssertionError" message="expected [true] but found [false]">
      <![CDATA[java.lang.AssertionError: expected [true] but found [false]
	at com.traveledge.testcases_air.Roundtrip.bookRoundTrip(Roundtrip.java:114)
... Removed 28 stack frames]]>
    </failure>
  </testcase> <!-- bookRoundTrip -->
  <testcase name="oneWayBook" time="27.673" classname="com.traveledge.testcases_air.OneWay">
    <failure type="java.lang.NullPointerException">
      <![CDATA[java.lang.NullPointerException
	at org.openqa.selenium.support.pagefactory.internal.LocatingElementHandler.invoke(LocatingElementHandler.java:51)
	at com.sun.proxy.$Proxy8.click(Unknown Source)
	at com.traveledge.pageobjectlib.Login.loginToAPP(Login.java:52)
	at com.traveledge.testcases_air.OneWay.login(OneWay.java:77)
	at com.traveledge.testcases_air.OneWay.oneWayBook(OneWay.java:91)
... Removed 28 stack frames]]>
    </failure>
  </testcase> <!-- oneWayBook -->
</testsuite> <!-- Test -->
